[debug] [2019-11-11T14:21:51.322Z] ----------------------------------------------------------------------
[debug] [2019-11-11T14:21:51.326Z] Command:       C:\Program Files\nodejs\node.exe C:\Users\dev-internet\AppData\Roaming\npm\node_modules\firebase-tools\lib\bin\firebase.js init functions
[debug] [2019-11-11T14:21:51.327Z] CLI Version:   7.6.1
[debug] [2019-11-11T14:21:51.327Z] Platform:      win32
[debug] [2019-11-11T14:21:51.327Z] Node Version:  v10.16.0
[debug] [2019-11-11T14:21:51.328Z] Time:          Mon Nov 11 2019 15:21:51 GMT+0100 (GMT+01:00)
[debug] [2019-11-11T14:21:51.328Z] ----------------------------------------------------------------------
[debug] [2019-11-11T14:21:51.328Z] 
[debug] [2019-11-11T14:21:51.341Z] > command requires scopes: ["email","openid","https://www.googleapis.com/auth/cloudplatformprojects.readonly","https://www.googleapis.com/auth/firebase","https://www.googleapis.com/auth/cloud-platform"]
[debug] [2019-11-11T14:21:51.342Z] > authorizing via signed-in user
[info] 
     ######## #### ########  ######## ########     ###     ######  ########
     ##        ##  ##     ## ##       ##     ##  ##   ##  ##       ##
     ######    ##  ########  ######   ########  #########  ######  ######
     ##        ##  ##    ##  ##       ##     ## ##     ##       ## ##
     ##       #### ##     ## ######## ########  ##     ##  ######  ########

You're about to initialize a Firebase project in this directory:

  F:\Angular\Ionic\Ionic4FirestoreCRUD

Before we get started, keep in mind:

  * You are initializing in an existing Firebase project directory

[info] 
=== Project Setup
[info] 
[info] First, let's associate this project directory with a Firebase project.
[info] You can create multiple project aliases by running firebase use --add, 
[info] but for now we'll just set up a default project.
[info] 
[info] i  .firebaserc already has a default project, using blassa-df986.
[debug] [2019-11-11T14:21:54.594Z] >>> HTTP REQUEST GET https://firebase.googleapis.com/v1beta1/projects/blassa-df986  
 
[debug] [2019-11-11T14:21:55.049Z] <<< HTTP RESPONSE 200
[info] 
=== Functions Setup
[info] 
[info] A functions directory will be created in your project with a Node.js
[info] package pre-configured. Functions can be deployed with firebase deploy.
[info] 
[debug] [2019-11-11T14:21:55.057Z] > command requires scopes: ["email","openid","https://www.googleapis.com/auth/cloudplatformprojects.readonly","https://www.googleapis.com/auth/firebase","https://www.googleapis.com/auth/cloud-platform"]
[debug] [2019-11-11T14:21:55.058Z] > authorizing via signed-in user
[debug] [2019-11-11T14:21:55.059Z] >>> HTTP REQUEST GET https://firebase.googleapis.com/v1beta1/projects/blassa-df986  
 
[debug] [2019-11-11T14:21:55.277Z] <<< HTTP RESPONSE 200
[debug] [2019-11-11T14:21:55.303Z] >>> HTTP REQUEST POST https://serviceusage.googleapis.com/v1/projects/blassa-df986/services/cloudfunctions.googleapis.com:enable  
 
[debug] [2019-11-11T14:21:55.304Z] >>> HTTP REQUEST POST https://serviceusage.googleapis.com/v1/projects/blassa-df986/services/runtimeconfig.googleapis.com:enable  
 
[debug] [2019-11-11T14:21:56.379Z] <<< HTTP RESPONSE 200
[debug] [2019-11-11T14:21:56.441Z] <<< HTTP RESPONSE 200
